<?xml version="1.0" encoding="UTF-8"?>
<!-- Generated by org.testng.reporters.JUnitXMLReporter -->
<testsuite ignored="1" hostname="ritik-Latitude-3410" failures="1" tests="5" name="Test" time="320.455" errors="0" timestamp="2022-02-01T12:03:53 IST">
  <testcase classname="Mobile.TestLogin" name="selectCountry" time="12.648"/>
  <testcase classname="Mobile.TestLogin" name="loginAppcoa" time="28.5"/>
  <testcase classname="Mobile.TestLogin" name="addVehicle" time="13.881"/>
  <testcase classname="Mobile.TestLogin" name="startExtendStopSession" time="250.116">
    <failure type="java.lang.NullPointerException" message="Cannot invoke &amp;quot;String.trim()&amp;quot; because &amp;quot;in&amp;quot; is null">
      <![CDATA[java.lang.NullPointerException: Cannot invoke "String.trim()" because "in" is null
at java.base/jdk.internal.math.FloatingDecimal.readJavaFormatString(FloatingDecimal.java:1838)
at java.base/jdk.internal.math.FloatingDecimal.parseFloat(FloatingDecimal.java:122)
at java.base/java.lang.Float.parseFloat(Float.java:461)
at Mobile.Utils.SessionUtils.extendSession(SessionUtils.java:84)
at Mobile.TestLogin.startExtendStopSession(TestLogin.java:178)
at java.base/java.util.ArrayList.forEach(ArrayList.java:1511)
... Removed 28 stack frames]]>
    </failure>
  </testcase> <!-- startExtendStopSession -->
  <testcase classname="Mobile.TestLogin" name="deleteVehicle" time="14.062"/>
  <testcase classname="Mobile.TestLogin" name="EpmpStartButtonCheck" time="0.0">
    <ignored/>
  </testcase> <!-- EpmpStartButtonCheck -->
</testsuite> <!-- Test -->
