<?xml version="1.0" encoding="UTF-8"?>
<!-- Generated by org.testng.reporters.JUnitXMLReporter -->
<testsuite ignored="22" hostname="ritik-Latitude-3410" failures="0" tests="6" name="Test" time="255.505" errors="0" timestamp="2022-06-02T09:12:42 IST">
  <testcase classname="Mobile.TestLogin" name="selectCountry" time="16.486"/>
  <testcase classname="Mobile.TestLogin" name="loginAppcoa" time="56.164"/>
  <testcase classname="Mobile.TestLogin" name="addVehicle" time="17.67"/>
  <testcase classname="Mobile.TestLogin" name="startExtendStopSession" time="120.332"/>
  <testcase classname="Mobile.TestLogin" name="deleteVehicle" time="13.733"/>
  <testcase classname="Mobile.TestLogin" name="freeParkingCheck" time="29.854"/>
  <testcase classname="Mobile.TestLogin" name="CheckActivevehicle" time="0.0">
    <ignored/>
  </testcase> <!-- CheckActivevehicle -->
  <testcase classname="Mobile.TestLogin" name="DiscountByQRScan" time="0.0">
    <ignored/>
  </testcase> <!-- DiscountByQRScan -->
  <testcase classname="Mobile.TestLogin" name="CheckSessionPriceinDK" time="0.0">
    <ignored/>
  </testcase> <!-- CheckSessionPriceinDK -->
  <testcase classname="Mobile.TestLogin" name="ChangingDefaultProfile" time="0.0">
    <ignored/>
  </testcase> <!-- ChangingDefaultProfile -->
  <testcase classname="Mobile.TestLogin" name="CheckReferralPromo" time="0.0">
    <ignored/>
  </testcase> <!-- CheckReferralPromo -->
  <testcase classname="Mobile.TestLogin" name="OperationalHrsFilterCheck" time="0.0">
    <ignored/>
  </testcase> <!-- OperationalHrsFilterCheck -->
  <testcase classname="Mobile.TestLogin" name="StartPostpay" time="0.0">
    <ignored/>
  </testcase> <!-- StartPostpay -->
  <testcase classname="Mobile.TestLogin" name="ProfileAutoSwitch" time="0.0">
    <ignored/>
  </testcase> <!-- ProfileAutoSwitch -->
  <testcase classname="Mobile.TestLogin" name="deepLink" time="0.0">
    <ignored/>
  </testcase> <!-- deepLink -->
  <testcase classname="Mobile.TestLogin" name="SessionAfterOperationalHrs" time="0.0">
    <ignored/>
  </testcase> <!-- SessionAfterOperationalHrs -->
  <testcase classname="Mobile.TestLogin" name="BuisnessProfileCreation" time="0.0">
    <ignored/>
  </testcase> <!-- BuisnessProfileCreation -->
  <testcase classname="Mobile.TestLogin" name="EpmpStartButtonCheck" time="0.0">
    <ignored/>
  </testcase> <!-- EpmpStartButtonCheck -->
  <testcase classname="Mobile.TestLogin" name="verifyInvoicePDF" time="0.0">
    <ignored/>
  </testcase> <!-- verifyInvoicePDF -->
  <testcase classname="Mobile.TestLogin" name="TimeBasedMaxRework" time="0.0">
    <ignored/>
  </testcase> <!-- TimeBasedMaxRework -->
  <testcase classname="Mobile.TestLogin" name="MaxHrsParkig" time="0.0">
    <ignored/>
  </testcase> <!-- MaxHrsParkig -->
  <testcase classname="Mobile.TestLogin" name="NoSessionWithoutPaymentMethod" time="0.0">
    <ignored/>
  </testcase> <!-- NoSessionWithoutPaymentMethod -->
  <testcase classname="Mobile.TestLogin" name="BuyPass" time="0.0">
    <ignored/>
  </testcase> <!-- BuyPass -->
  <testcase classname="Mobile.TestLogin" name="EditPersonalDetails" time="0.0">
    <ignored/>
  </testcase> <!-- EditPersonalDetails -->
  <testcase classname="Mobile.TestLogin" name="StopPostpay" time="0.0">
    <ignored/>
  </testcase> <!-- StopPostpay -->
  <testcase classname="Mobile.TestLogin" name="TarrifAfterFreeParkingHrsInExtendSession" time="0.0">
    <ignored/>
  </testcase> <!-- TarrifAfterFreeParkingHrsInExtendSession -->
  <testcase classname="Mobile.TestLogin" name="CorporateProfileCreation" time="0.0">
    <ignored/>
  </testcase> <!-- CorporateProfileCreation -->
  <testcase classname="Mobile.TestLogin" name="EVchargingButtonCheck" time="0.0">
    <ignored/>
  </testcase> <!-- EVchargingButtonCheck -->
</testsuite> <!-- Test -->
