<?xml version="1.0" encoding="UTF-8"?>
<!-- Generated by org.testng.reporters.JUnitXMLReporter -->
<testsuite ignored="1" hostname="ritik-Latitude-3410" failures="0" tests="5" name="Test" time="173.736" errors="0" timestamp="2022-02-01T11:58:19 IST">
  <testcase classname="Mobile.TestLogin" name="selectCountry" time="11.755"/>
  <testcase classname="Mobile.TestLogin" name="loginAppcoa" time="29.733"/>
  <testcase classname="Mobile.TestLogin" name="addVehicle" time="15.737"/>
  <testcase classname="Mobile.TestLogin" name="startExtendStopSession" time="102.743"/>
  <testcase classname="Mobile.TestLogin" name="deleteVehicle" time="13.669"/>
  <testcase classname="Mobile.TestLogin" name="EpmpStartButtonCheck" time="0.0">
    <ignored/>
  </testcase> <!-- EpmpStartButtonCheck -->
</testsuite> <!-- Test -->
