<?xml version="1.0" encoding="UTF-8"?>
<!-- Generated by org.testng.reporters.JUnitXMLReporter -->
<testsuite ignored="0" hostname="ritik-Latitude-3410" failures="0" tests="4" name="Test" time="92.769" errors="0" timestamp="2022-06-04T22:05:08 IST">
  <testcase classname="Mobile.NewUserReg" name="selectCountry" time="19.388"/>
  <testcase classname="Mobile.NewUserReg" name="EmailRegistration" time="44.465"/>
  <testcase classname="Mobile.NewUserReg" name="AddVehicle" time="14.976"/>
  <testcase classname="Mobile.NewUserReg" name="VerifyRegistration" time="13.883"/>
</testsuite> <!-- Test -->
