<?xml version="1.0" encoding="UTF-8"?>
<!-- Generated by org.testng.reporters.JUnitXMLReporter -->
<testsuite ignored="1" hostname="ritik-Latitude-3410" failures="0" tests="5" name="Test1" time="203.149" errors="0" timestamp="2022-01-20T22:57:42 IST">
  <testcase classname="Mobile.TestLogin" name="selectCountry" time="11.198"/>
  <testcase classname="Mobile.TestLogin" name="loginAppcoa" time="21.246"/>
  <testcase classname="Mobile.TestLogin" name="addVehicle" time="15.187"/>
  <testcase classname="Mobile.TestLogin" name="startExtendStopSession" time="140.44"/>
  <testcase classname="Mobile.TestLogin" name="deleteVehicle" time="13.468"/>
  <testcase classname="Mobile.TestLogin" name="EpmpStartButtonCheck" time="0.0">
    <ignored/>
  </testcase> <!-- EpmpStartButtonCheck -->
</testsuite> <!-- Test1 -->
