<?xml version="1.0" encoding="UTF-8"?>
<!-- Generated by org.testng.reporters.JUnitXMLReporter -->
<testsuite ignored="1" hostname="ritik-Latitude-3410" failures="0" tests="5" name="Test" time="234.79" errors="0" timestamp="2022-02-01T11:55:13 IST">
  <testcase classname="Mobile.TestLogin" name="selectCountry" time="11.894"/>
  <testcase classname="Mobile.TestLogin" name="loginAppcoa" time="27.603"/>
  <testcase classname="Mobile.TestLogin" name="addVehicle" time="17.629"/>
  <testcase classname="Mobile.TestLogin" name="startExtendStopSession" time="163.84"/>
  <testcase classname="Mobile.TestLogin" name="deleteVehicle" time="13.736"/>
  <testcase classname="Mobile.TestLogin" name="EpmpStartButtonCheck" time="0.0">
    <ignored/>
  </testcase> <!-- EpmpStartButtonCheck -->
</testsuite> <!-- Test -->
