<?xml version="1.0" encoding="UTF-8"?>
<testsuite xmlns:xsi="http://www.w3.org/2001/XMLSchema-instance" xsi:noNamespaceSchemaLocation="https://maven.apache.org/surefire/maven-surefire-plugin/xsd/surefire-test-report.xsd" name="TestSuite" time="412.947" tests="6" errors="0" skipped="0" failures="0">
  <properties>
[...]
</properties>
  <testcase name="selectCountry" classname="Mobile.TestLogin" time="19.117"/>
  <testcase name="loginAppcoa" classname="Mobile.TestLogin" time="64.448"/>
  <testcase name="addVehicle" classname="Mobile.TestLogin" time="25.729"/>
  <testcase name="startExtendStopSession" classname="Mobile.TestLogin" time="154.302"/>
  <testcase name="deleteVehicle" classname="Mobile.TestLogin" time="14.748"/>
  <testcase name="BuyPass" classname="Mobile.TestLogin" time="98.744"/>
</testsuite>