<?xml version="1.0" encoding="UTF-8"?>
<testng-results ignored="0" total="4" passed="4" failed="0" skipped="0">
  <reporter-output>
  </reporter-output>
  <suite started-at="2022-06-04T22:03:36 IST" name="Suite" finished-at="2022-06-04T22:05:08 IST" duration-ms="92769">
    <groups>
    </groups>
    <test started-at="2022-06-04T22:03:36 IST" name="Test" finished-at="2022-06-04T22:05:08 IST" duration-ms="92769">
      <class name="Mobile.NewUserReg">
        <test-method is-config="true" signature="initializeDriver(java.lang.String,java.lang.String,java.lang.String,java.lang.String)[pri:0, instance:Mobile.NewUserReg@4648ce9]" started-at="2022-06-04T22:03:17 IST" name="initializeDriver" finished-at="2022-06-04T22:03:36 IST" duration-ms="18831" status="PASS">
          <params>
            <param index="0">
              <value>
                <![CDATA[Production]]>
              </value>
            </param>
            <param index="1">
              <value>
                <![CDATA[Denmark]]>
              </value>
            </param>
            <param index="2">
              <value>
                <![CDATA[Apcoa]]>
              </value>
            </param>
            <param index="3">
              <value>
                <![CDATA[Android]]>
              </value>
            </param>
          </params>
          <reporter-output>
          </reporter-output>
        </test-method> <!-- initializeDriver -->
        <test-method signature="selectCountry()[pri:1, instance:Mobile.NewUserReg@4648ce9]" started-at="2022-06-04T22:03:36 IST" name="selectCountry" finished-at="2022-06-04T22:03:55 IST" duration-ms="19388" status="PASS">
          <reporter-output>
          </reporter-output>
        </test-method> <!-- selectCountry -->
        <test-method signature="EmailRegistration()[pri:2, instance:Mobile.NewUserReg@4648ce9]" started-at="2022-06-04T22:03:55 IST" name="EmailRegistration" finished-at="2022-06-04T22:04:39 IST" duration-ms="44465" status="PASS">
          <reporter-output>
          </reporter-output>
        </test-method> <!-- EmailRegistration -->
        <test-method signature="AddVehicle()[pri:3, instance:Mobile.NewUserReg@4648ce9]" started-at="2022-06-04T22:04:39 IST" name="AddVehicle" finished-at="2022-06-04T22:04:54 IST" duration-ms="14976" status="PASS">
          <reporter-output>
          </reporter-output>
        </test-method> <!-- AddVehicle -->
        <test-method signature="VerifyRegistration()[pri:4, instance:Mobile.NewUserReg@4648ce9]" started-at="2022-06-04T22:04:54 IST" name="VerifyRegistration" finished-at="2022-06-04T22:05:08 IST" duration-ms="13883" status="PASS">
          <reporter-output>
          </reporter-output>
        </test-method> <!-- VerifyRegistration -->
        <test-method is-config="true" signature="Teardown()[pri:0, instance:Mobile.NewUserReg@4648ce9]" started-at="2022-06-04T22:05:09 IST" name="Teardown" finished-at="2022-06-04T22:05:11 IST" duration-ms="2265" status="PASS">
          <reporter-output>
          </reporter-output>
        </test-method> <!-- Teardown -->
      </class> <!-- Mobile.NewUserReg -->
    </test> <!-- Test -->
  </suite> <!-- Suite -->
</testng-results>
